{"/Users/angs/Documents/Learning/MediaStack/App.js": {"path":"/Users/angs/Documents/Learning/MediaStack/App.js","statementMap":{"0":{"start":{"line":11,"column":12},"end":{"line":13,"column":1}},"1":{"start":{"line":12,"column":4},"end":{"line":12,"column":15}}},"fnMap":{"0":{"name":"(anonymous_0)","decl":{"start":{"line":11,"column":12},"end":{"line":11,"column":13}},"loc":{"start":{"line":11,"column":18},"end":{"line":13,"column":1}},"line":11}},"branchMap":{},"s":{"0":1,"1":1},"f":{"0":1},"b":{},"_coverageSchema":"1a1c01bbd47fc00a2c39e90264f33305004495a9","hash":"531a8a42ce6938c43702614c5d0bbdfe96d22bd5"}
,"/Users/angs/Documents/Learning/MediaStack/components/MediaItem.tsx": {"path":"/Users/angs/Documents/Learning/MediaStack/components/MediaItem.tsx","statementMap":{"0":{"start":{"line":3,"column":18},"end":{"line":3,"column":28}},"1":{"start":{"line":3,"column":24},"end":{"line":3,"column":28}}},"fnMap":{"0":{"name":"(anonymous_0)","decl":{"start":{"line":3,"column":18},"end":{"line":3,"column":19}},"loc":{"start":{"line":3,"column":24},"end":{"line":3,"column":28}},"line":3}},"branchMap":{},"s":{"0":1,"1":1},"f":{"0":1},"b":{},"_coverageSchema":"1a1c01bbd47fc00a2c39e90264f33305004495a9","hash":"9d3a00f9502ff2d9d530c6bdf15067c3f18ddde3"}
}
